Script started on Thu 21 Jun 2018 01:02:54 PM CEST

PLAY [Take Confirmation from user] ****************************************************************************************************************************************************************************************************************************************************************************************************************************************

TASK [User Confirmation] **************************************************************************************************************************************************************************************************************************************************************************************************************************************************
[User Confirmation]
-------------------
Playbook Details: 
-------------------

Devices:
--------
	test2nqe33

Major Actions:
--------------
	=> Display Devices Information
Do you want to continue? (YES/NO):
yes
[0;32mok: [localhost][0m

TASK [Aborting - Requested by User] ***************************************************************************************************************************************************************************************************************************************************************************************************************************************
[0;36mskipping: [localhost][0m


TDC Username: ansible
password: 

PLAY [Playbook for showing the device information.] ***********************************************************************************************************************************************************************************************************************************************************************************************************************

TASK [Set Play Start Date and Time Variables] *****************************************************************************************************************************************************************************************************************************************************************************************************************************
[0;32mok: [test2nqe33][0m

TASK [Set Playbook Logging Details] ***************************************************************************************************************************************************************************************************************************************************************************************************************************************
[0;32mok: [test2nqe33][0m
Human Readable Log dir is </var/log/ansible/2018-06-21/130305_453121260/playbook/human_readable> on log server <62.243.147.45>
JSON Log dir is </var/log/ansible/2018-06-21/130305_453121260/playbook/json> on log server <62.243.147.45>

TASK [Gather facts from Junos devices without configuration] **************************************************************************************************************************************************************************************************************************************************************************************************************
[0m[0;32mok: [test2nqe33][0m
[0m
TASK [Show Table: Device info/fact] ***************************************************************************************************************************************************************************************************************************************************************************************************************************************
[0m[0;32mok: [test2nqe33][0m
[0m########## Table: Device Info ####################
[0m+------------+-------+-----+------------------+------------------+---------------+----------+
| Device     | Model | RE  | Mastership State | Software Version | Switch Style  | Comments |
+============+=======+=====+==================+==================+===============+==========+
| test2nqe33 | MX104 | RE0 | master           | 17.1R2-S5        | BRIDGE_DOMAIN |          |
|            |       +-----+------------------+------------------+               |          |
|            |       | RE1 | backup           | 17.1R2-S5        |               |          |
+------------+-------+-----+------------------+------------------+---------------+----------+
[0m
PLAY RECAP ****************************************************************************************************************************************************************************************************************************************************************************************************************************************************************
[0m[0;32mlocalhost[0m                  : [0;32mok=1   [0m changed=0    unreachable=0    failed=0   
[0m[0;32mtest2nqe33[0m                 : [0;32mok=4   [0m changed=0    unreachable=0    failed=0   
[0m
[0m[0m
Script done on Thu 21 Jun 2018 01:03:24 PM CEST
