Script started on Thu 02 Aug 2018 09:13:44 AM CEST

PLAY [Take Confirmation from user] ****************************************************************************************************************************************************************************************************************************************************************************************************************************************

TASK [User Confirmation] **************************************************************************************************************************************************************************************************************************************************************************************************************************************************
[User Confirmation]
[32m[1m
-------------------
Playbook Details: 
-------------------

Devices:
--------
	test2nqe31
	test2nqe32
	test2nqe33

Major Actions:
--------------
	=> Display Devices Information

[5mDo you want to continue? (YES/NO):
yes
[0;32mok: [localhost][0m

TASK [Aborting - Requested by User] ***************************************************************************************************************************************************************************************************************************************************************************************************************************************
[0;36mskipping: [localhost][0m


TDC Username [ansible]: 
password: 

PLAY [Playbook for showing the device information.] ***********************************************************************************************************************************************************************************************************************************************************************************************************************

TASK [Set Play Start Date and Time Variables] *****************************************************************************************************************************************************************************************************************************************************************************************************************************
[0;32mok: [test2nqe31][0m

TASK [Set Playbook Logging Details] ***************************************************************************************************************************************************************************************************************************************************************************************************************************************
[0;32mok: [test2nqe31][0m
Human Readable Log dir is </var/log/ansible/2018-08-02/091348_261959228/playbook/human_readable> on log server <62.243.147.45>
JSON Log dir is </var/log/ansible/2018-08-02/091348_261959228/playbook/json> on log server <62.243.147.45>

TASK [Gather facts from Junos devices without configuration] **************************************************************************************************************************************************************************************************************************************************************************************************************
[0m[0;32mok: [test2nqe32][0m
[0m[0;32mok: [test2nqe31][0m
[0m[0;32mok: [test2nqe33][0m
[0m
TASK [Show Table: Device info/fact] ***************************************************************************************************************************************************************************************************************************************************************************************************************************************
[0m[0;32mok: [test2nqe31][0m
[0m########## Table: Device Info ####################
[0m+------------+----------------------------+-----+------------------+------------------+---------------+------------------+
| Device     | Model                      | RE  | Mastership State | Software Version | Switch Style  | Comments         |
+============+============================+=====+==================+==================+===============+==================+
| test2nqe31 | MX104                      | RE0 | backup           | 17.4R1-S3.3      | BRIDGE_DOMAIN |                  |
|            |                            +-----+------------------+------------------+               |                  |
|            |                            | RE1 | master           | 17.1R2-S5        |               |                  |
+------------+----------------------------+-----+------------------+------------------+---------------+------------------+
| test2nqe32 | MX104                      | RE0 | master           | 17.1R2-S5        | BRIDGE_DOMAIN | Single RE device |
+------------+----------------------------+-----+------------------+------------------+---------------+------------------+
| test2nqe33 | Error: Unable to determine | RE0 | Present          | 17.1R2-S5        | BRIDGE_DOMAIN |                  |
|            |                            +-----+------------------+------------------+               |                  |
|            |                            | RE1 | master           | None             |               |                  |
+------------+----------------------------+-----+------------------+------------------+---------------+------------------+
[0m
PLAY RECAP ****************************************************************************************************************************************************************************************************************************************************************************************************************************************************************
[0m[0;32mlocalhost[0m                  : [0;32mok=1   [0m changed=0    unreachable=0    failed=0   
[0m[0;32mtest2nqe31[0m                 : [0;32mok=4   [0m changed=0    unreachable=0    failed=0   
[0m[0;32mtest2nqe32[0m                 : [0;32mok=1   [0m changed=0    unreachable=0    failed=0   
[0m[0;32mtest2nqe33[0m                 : [0;32mok=1   [0m changed=0    unreachable=0    failed=0   
[0m
[0m[0m
Script done on Thu 02 Aug 2018 09:14:44 AM CEST
